2018-09-15T02:35:26 - makemytrip - INFO - Initializing bookTrip class
2018-09-15T02:35:29 - makemytrip - INFO - Starting to look for flights...
2018-09-15T02:35:54 - makemytrip - INFO - Selecting date for dateFilter
2018-09-15T02:35:57 - makemytrip - INFO - Selecting date for dateFilterReturn
2018-09-15T02:35:58 - makemytrip - INFO - Form Populated for search, searching now...
2018-09-15T02:35:58 - makemytrip - INFO - Invoking flight_booking method
2018-09-15T02:36:03 - makemytrip - INFO - Searching for cheap flight ofr departure..
2018-09-15T02:36:03 - makemytrip - INFO - Searching for cheap flight for return journey...
2018-09-15T02:36:07 - makemytrip - INFO - Booking the flight now...
2018-09-15T02:37:47 - makemytrip - INFO - Initializing bookTrip class
2018-09-15T02:37:50 - makemytrip - INFO - Starting to look for flights...
2018-09-15T02:38:08 - makemytrip - INFO - Selecting date for dateFilter
2018-09-15T02:38:12 - makemytrip - INFO - Selecting date for dateFilterReturn
2018-09-15T02:38:12 - makemytrip - INFO - Form Populated for search, searching now...
2018-09-15T02:38:13 - makemytrip - INFO - Invoking flight_booking method
2018-09-15T02:38:18 - makemytrip - INFO - Searching for cheap flight ofr departure..
2018-09-15T02:38:18 - makemytrip - INFO - Searching for cheap flight for return journey...
2018-09-15T02:38:21 - makemytrip - INFO - Booking the flight now...
2018-09-15T02:39:57 - makemytrip - INFO - Initializing bookTrip class
2018-09-15T02:40:00 - makemytrip - INFO - Starting to look for flights...
2018-09-15T02:40:21 - makemytrip - INFO - Selecting date for dateFilter
2018-09-15T02:40:25 - makemytrip - INFO - Selecting date for dateFilterReturn
2018-09-15T02:40:25 - makemytrip - INFO - Form Populated for search, searching now...
2018-09-15T02:40:25 - makemytrip - INFO - Invoking flight_booking method
2018-09-15T02:40:31 - makemytrip - INFO - Searching for cheap flight ofr departure..
2018-09-15T02:40:31 - makemytrip - INFO - Searching for cheap flight for return journey...
2018-09-15T02:40:35 - makemytrip - INFO - Booking the flight now...
2018-09-15T02:44:26 - makemytrip - INFO - Initializing bookTrip class
2018-09-15T02:44:29 - makemytrip - INFO - Starting to look for flights...
2018-09-15T02:44:48 - makemytrip - INFO - Selecting date for dateFilter
2018-09-15T02:44:51 - makemytrip - INFO - Selecting date for dateFilterReturn
2018-09-15T02:44:52 - makemytrip - INFO - Form Populated for search, searching now...
2018-09-15T02:44:52 - makemytrip - INFO - Invoking flight_booking method
2018-09-15T02:44:57 - makemytrip - INFO - Searching for cheap flight ofr departure..
2018-09-15T02:44:58 - makemytrip - INFO - Searching for cheap flight for return journey...
2018-09-15T02:45:01 - makemytrip - INFO - Booking the flight now...
2018-09-15T02:47:34 - makemytrip - INFO - Initializing bookTrip class
2018-09-15T02:47:37 - makemytrip - INFO - Starting to look for flights...
2018-09-15T02:48:00 - makemytrip - INFO - Selecting date for dateFilter
2018-09-15T02:48:08 - makemytrip - INFO - Initializing bookTrip class
2018-09-15T02:48:11 - makemytrip - INFO - Starting to look for flights...
2018-09-15T02:48:31 - makemytrip - INFO - Selecting date for dateFilter
2018-09-15T02:48:34 - makemytrip - INFO - Selecting date for dateFilterReturn
2018-09-15T02:48:35 - makemytrip - INFO - Form Populated for search, searching now...
2018-09-15T02:48:35 - makemytrip - INFO - Invoking flight_booking method
2018-09-15T02:48:43 - makemytrip - INFO - Searching for cheap flight ofr departure..
2018-09-15T02:48:43 - makemytrip - INFO - Searching for cheap flight for return journey...
2018-09-15T02:48:47 - makemytrip - INFO - Booking the flight now...
